2/13/13 4:05:22 PM - 1: org.apache.uima.adapter.jms.service.UIMA_Service.initialize(68): INFO: UIMA-AS version 2.4.0
2/13/13 4:05:23 PM - 1: org.apache.uima.aae.controller.BaseAnalysisEngineController.logPlatformInfo: INFO: 
+------------------------------------------------------------------
                   Starting UIMA AS Service - PID: 16623
+------------------------------------------------------------------
+ Service Name:StanfordNLPDescriptor
+ Service Queue Name:StanfordAnnotatorQueue
+ Service Start Time:13 Feb 2013 16:05:21 
+ UIMA AS Version:2.4.0
+ UIMA Core Version:2.4.0
+ OS Name:Linux
+ OS Version:3.5.0-23-generic
+ OS Architecture:amd64
+ OS CPU Count:4
+ JVM Vendor:Oracle Corporation
+ JVM Name:Java HotSpot(TM) 64-Bit Server VM
+ JVM Version:23.7-b01
+ JVM Input Args:[-DVNS_HOST=localhost, -DVNS_PORT=9000, -Duima.home=/media/alkesh/Windows7_OS/Users/alkesh/Downloads/apache-uima/, -Duima.datapath=, -Djava.util.logging.config.file=/media/alkesh/Windows7_OS/Users/alkesh/Downloads/apache-uima//config/Logger.properties, -Duima.tools.cvd.manpath.notset, -Xms128M, -Xmx800M, -Dlog4j.configuration=file:/media/alkesh/Windows7_OS/Users/alkesh/Downloads/apache-uima//as_config/uimaAsLog4j.properties, -DUimaBootstrapSuppressClassPathDisplay, -Dorg.apache.uima.jarpath=:/media/alkesh/Windows7_OS/Users/alkesh/git/qalabcmu/qa4mre-corpus-annotation/target/qa4mre-corpus-annotation-0.0.1-SNAPSHOT.jar:/media/alkesh/Windows7_OS/Users/alkesh/Downloads/apache-uima//examples/resources:/media/alkesh/Windows7_OS/Users/alkesh/Downloads/apache-uima//lib::/media/alkesh/Windows7_OS/Users/alkesh/Downloads/apache-uima//lib/xmlbeans:/media/alkesh/Windows7_OS/Users/alkesh/Downloads/apache-uima//apache-activemq-5.4.1:/media/alkesh/Windows7_OS/Users/alkesh/Downloads/apache-uima//apache-activemq-5.4.1/lib:/media/alkesh/Windows7_OS/Users/alkesh/Downloads/apache-uima//apache-activemq-5.4.1/lib/optional:]
+ JVM Classpath:/media/alkesh/Windows7_OS/Users/alkesh/Downloads/apache-uima//lib/uimaj-bootstrap.jar
+ JVM Loaded Jars:/media/alkesh/Windows7_OS/Users/alkesh/Downloads/apache-uima/lib/uimaj-bootstrap.jar:/media/alkesh/Windows7_OS/Users/alkesh/git/qalabcmu/qa4mre-corpus-annotation/target/qa4mre-corpus-annotation-0.0.1-SNAPSHOT.jar:/media/alkesh/Windows7_OS/Users/alkesh/Downloads/apache-uima/examples/resources/:/media/alkesh/Windows7_OS/Users/alkesh/Downloads/apache-uima/lib/jVinci.jar:/media/alkesh/Windows7_OS/Users/alkesh/Downloads/apache-uima/lib/uima-adapter-soap.jar:/media/alkesh/Windows7_OS/Users/alkesh/Downloads/apache-uima/lib/uima-adapter-vinci.jar:/media/alkesh/Windows7_OS/Users/alkesh/Downloads/apache-uima/lib/uima-core.jar:/media/alkesh/Windows7_OS/Users/alkesh/Downloads/apache-uima/lib/uima-cpe.jar:/media/alkesh/Windows7_OS/Users/alkesh/Downloads/apache-uima/lib/uima-document-annotation.jar:/media/alkesh/Windows7_OS/Users/alkesh/Downloads/apache-uima/lib/uima-examples.jar:/media/alkesh/Windows7_OS/Users/alkesh/Downloads/apache-uima/lib/uima-tools.jar:/media/alkesh/Windows7_OS/Users/alkesh/Downloads/apache-uima/lib/uimaj-as-activemq.jar:/media/alkesh/Windows7_OS/Users/alkesh/Downloads/apache-uima/lib/uimaj-as-camel.jar:/media/alkesh/Windows7_OS/Users/alkesh/Downloads/apache-uima/lib/uimaj-as-core.jar:/media/alkesh/Windows7_OS/Users/alkesh/Downloads/apache-uima/lib/uimaj-as-jms.jar:/media/alkesh/Windows7_OS/Users/alkesh/Downloads/apache-uima/lib/xmlbeans.jar:/media/alkesh/Windows7_OS/Users/alkesh/Downloads/apache-uima/apache-activemq-5.4.1/activemq-all-5.4.1.jar:/media/alkesh/Windows7_OS/Users/alkesh/Downloads/apache-uima/apache-activemq-5.4.1/lib/activemq-camel-5.4.1.jar:/media/alkesh/Windows7_OS/Users/alkesh/Downloads/apache-uima/apache-activemq-5.4.1/lib/activemq-console-5.4.1.jar:/media/alkesh/Windows7_OS/Users/alkesh/Downloads/apache-uima/apache-activemq-5.4.1/lib/activemq-core-5.4.1.jar:/media/alkesh/Windows7_OS/Users/alkesh/Downloads/apache-uima/apache-activemq-5.4.1/lib/activemq-optional-5.4.1.jar:/media/alkesh/Windows7_OS/Users/alkesh/Downloads/apache-uima/apache-activemq-5.4.1/lib/activemq-spring-5.4.1.jar:/media/alkesh/Windows7_OS/Users/alkesh/Downloads/apache-uima/apache-activemq-5.4.1/lib/commons-logging-1.1.1.jar:/media/alkesh/Windows7_OS/Users/alkesh/Downloads/apache-uima/apache-activemq-5.4.1/lib/geronimo-j2ee-management_1.1_spec-1.0.1.jar:/media/alkesh/Windows7_OS/Users/alkesh/Downloads/apache-uima/apache-activemq-5.4.1/lib/geronimo-jms_1.1_spec-1.1.jar:/media/alkesh/Windows7_OS/Users/alkesh/Downloads/apache-uima/apache-activemq-5.4.1/lib/kahadb-5.4.1.jar:/media/alkesh/Windows7_OS/Users/alkesh/Downloads/apache-uima/apache-activemq-5.4.1/lib/spring-aop-3.0.3.RELEASE.jar:/media/alkesh/Windows7_OS/Users/alkesh/Downloads/apache-uima/apache-activemq-5.4.1/lib/spring-asm-3.0.3.RELEASE.jar:/media/alkesh/Windows7_OS/Users/alkesh/Downloads/apache-uima/apache-activemq-5.4.1/lib/spring-beans-3.0.3.RELEASE.jar:/media/alkesh/Windows7_OS/Users/alkesh/Downloads/apache-uima/apache-activemq-5.4.1/lib/spring-context-3.0.3.RELEASE.jar:/media/alkesh/Windows7_OS/Users/alkesh/Downloads/apache-uima/apache-activemq-5.4.1/lib/spring-core-3.0.3.RELEASE.jar:/media/alkesh/Windows7_OS/Users/alkesh/Downloads/apache-uima/apache-activemq-5.4.1/lib/spring-expression-3.0.3.RELEASE.jar:/media/alkesh/Windows7_OS/Users/alkesh/Downloads/apache-uima/apache-activemq-5.4.1/lib/spring-jms-3.0.3.RELEASE.jar:/media/alkesh/Windows7_OS/Users/alkesh/Downloads/apache-uima/apache-activemq-5.4.1/lib/spring-tx-3.0.3.RELEASE.jar:/media/alkesh/Windows7_OS/Users/alkesh/Downloads/apache-uima/apache-activemq-5.4.1/lib/xbean-spring-3.7.jar:/media/alkesh/Windows7_OS/Users/alkesh/Downloads/apache-uima/apache-activemq-5.4.1/lib/optional/commons-codec-1.2.jar:/media/alkesh/Windows7_OS/Users/alkesh/Downloads/apache-uima/apache-activemq-5.4.1/lib/optional/commons-httpclient-3.1.jar:/media/alkesh/Windows7_OS/Users/alkesh/Downloads/apache-uima/apache-activemq-5.4.1/lib/optional/geronimo-servlet_2.5_spec-1.2.jar:/media/alkesh/Windows7_OS/Users/alkesh/Downloads/apache-uima/apache-activemq-5.4.1/lib/optional/jetty-all-server-7.0.1.v20091125.jar:/media/alkesh/Windows7_OS/Users/alkesh/Downloads/apache-uima/apache-activemq-5.4.1/lib/optional/log4j-1.2.14.jar:/media/alkesh/Windows7_OS/Users/alkesh/Downloads/apache-uima/apache-activemq-5.4.1/lib/optional/xmlpull-1.1.3.4d_b4_min.jar:/media/alkesh/Windows7_OS/Users/alkesh/Downloads/apache-uima/apache-activemq-5.4.1/lib/optional/xstream-1.3.1.jar:
+ JVM LIB_PATH:/media/alkesh/Windows7_OS/Users/alkesh/Downloads/apache-uima//uimacpp/lib:/media/alkesh/Windows7_OS/Users/alkesh/Downloads/apache-uima//uimacpp/examples/tutorial/src:.:$YAMCHA/lib:/usr/local/lib:/usr/local/include:/usr/include:/usr/java/packages/lib/amd64:/usr/lib64:/lib64:/lib:/usr/lib
+------------------------------------------------------------------ 
2/13/13 4:05:24 PM - 1: org.apache.uima.adapter.jms.activemq.JmsInputChannel.setEndpointName: INFO: top_level_input_queue_service_1 Service Starting - Listening for Messages 
2/13/13 4:05:24 PM - 1: org.apache.uima.adapter.jms.activemq.SpringContainerDeployer.waitForServiceNotification: INFO: Uima EE Client Blocking - Awaiting Top Level Controller Initialization Notification
2/13/13 4:05:24 PM - 11: org.apache.uima.aae.UimaAsThreadFactory$1.UimaAsThreadFactory.run(): INFO: Controller: StanfordNLPDescriptor Initializing AE instance on Thread Id: 11
2/13/13 4:05:38 PM - 11: org.apache.uima.aae.controller.PrimitiveAnalysisEngineController_impl.postInitialize: INFO: ********* Initialized the Controller. StanfordNLPDescriptor Ready To Process. ********
2/13/13 4:05:38 PM - 1: org.apache.uima.adapter.jms.activemq.SpringContainerDeployer.doStartListeners: INFO: Controller: StanfordNLPDescriptor Starting Listener on Endpoint: queue://StanfordAnnotatorQueue Selector: Command=2000 OR Command=2002 Broker: tcp://alkesh-ThinkPad-Edge-E430:61616
2/13/13 4:05:38 PM - 1: org.apache.uima.adapter.jms.activemq.SpringContainerDeployer.doStartListeners: INFO: Controller: StanfordNLPDescriptor Starting Listener on Endpoint: queue://StanfordAnnotatorQueue Selector: Command=2001 Broker: tcp://alkesh-ThinkPad-Edge-E430:61616
2/13/13 5:17:02 PM - 11: org.apache.uima.adapter.jms.activemq.UimaDefaultMessageListenerContainer.onException: WARNING: Service: StanfordNLPDescriptor Runtime Exception  
2/13/13 5:17:02 PM - 11: org.apache.uima.adapter.jms.activemq.UimaDefaultMessageListenerContainer.onException: WARNING: Jms Listener Failed. Endpoint: StanfordAnnotatorQueue Managed By: tcp://alkesh-ThinkPad-Edge-E430:61616 Reason: javax.jms.JMSException: java.io.EOFException
2/13/13 5:17:02 PM - 11: org.apache.uima.adapter.jms.activemq.UimaDefaultMessageListenerContainer.handleListenerSetupFailure: WARNING: Uima AS Service:StanfordNLPDescriptor Listener Unable To Connect To Broker: tcp://alkesh-ThinkPad-Edge-E430:61616 Retrying ...  
2/13/13 5:17:02 PM - 18: org.apache.uima.adapter.jms.activemq.UimaDefaultMessageListenerContainer.onException: WARNING: Service: StanfordNLPDescriptor Runtime Exception  
2/13/13 5:17:03 PM - 18: org.apache.uima.adapter.jms.activemq.UimaDefaultMessageListenerContainer.onException: WARNING: Jms Listener Failed. Endpoint: StanfordAnnotatorQueue Managed By: tcp://alkesh-ThinkPad-Edge-E430:61616 Reason: javax.jms.JMSException: java.io.EOFException
2/13/13 5:17:03 PM - 18: org.apache.uima.adapter.jms.activemq.UimaDefaultMessageListenerContainer.handleListenerSetupFailure: WARNING: Uima AS Service:StanfordNLPDescriptor Listener Unable To Connect To Broker: tcp://alkesh-ThinkPad-Edge-E430:61616 Retrying ...  
